{"/home/claude/donaton-work/frontend-donaton/src/App.jsx": {"path":"/home/claude/donaton-work/frontend-donaton/src/App.jsx","all":false,"statementMap":{"0":{"start":{"line":1,"column":0},"end":{"line":1,"column":14}},"1":{"start":{"line":2,"column":0},"end":{"line":2,"column":40}},"2":{"start":{"line":3,"column":0},"end":{"line":3,"column":47}},"3":{"start":{"line":4,"column":0},"end":{"line":4,"column":53}},"4":{"start":{"line":5,"column":0},"end":{"line":5,"column":0}},"5":{"start":{"line":6,"column":0},"end":{"line":6,"column":19}},"6":{"start":{"line":7,"column":0},"end":{"line":7,"column":63}},"7":{"start":{"line":8,"column":0},"end":{"line":8,"column":54}},"8":{"start":{"line":9,"column":0},"end":{"line":9,"column":2}},"9":{"start":{"line":10,"column":0},"end":{"line":10,"column":32}},"10":{"start":{"line":11,"column":0},"end":{"line":11,"column":51}},"11":{"start":{"line":12,"column":0},"end":{"line":12,"column":47}},"12":{"start":{"line":13,"column":0},"end":{"line":13,"column":63}},"13":{"start":{"line":14,"column":0},"end":{"line":14,"column":3}},"14":{"start":{"line":15,"column":0},"end":{"line":15,"column":0}},"15":{"start":{"line":16,"column":0},"end":{"line":16,"column":31}},"16":{"start":{"line":17,"column":0},"end":{"line":17,"column":52}},"17":{"start":{"line":18,"column":0},"end":{"line":18,"column":0}},"18":{"start":{"line":19,"column":0},"end":{"line":19,"column":12}},"19":{"start":{"line":20,"column":0},"end":{"line":20,"column":13}},"20":{"start":{"line":21,"column":0},"end":{"line":21,"column":35}},"21":{"start":{"line":22,"column":0},"end":{"line":22,"column":90}},"22":{"start":{"line":23,"column":0},"end":{"line":23,"column":121}},"23":{"start":{"line":24,"column":0},"end":{"line":24,"column":126}},"24":{"start":{"line":25,"column":0},"end":{"line":25,"column":18}},"25":{"start":{"line":26,"column":0},"end":{"line":26,"column":0}},"26":{"start":{"line":27,"column":0},"end":{"line":27,"column":46}},"27":{"start":{"line":28,"column":0},"end":{"line":28,"column":56}},"28":{"start":{"line":29,"column":0},"end":{"line":29,"column":59}},"29":{"start":{"line":30,"column":0},"end":{"line":30,"column":19}},"30":{"start":{"line":31,"column":0},"end":{"line":31,"column":14}},"31":{"start":{"line":32,"column":0},"end":{"line":32,"column":6}},"32":{"start":{"line":33,"column":0},"end":{"line":33,"column":1}}},"s":{"0":1,"1":1,"2":1,"3":1,"4":1,"5":1,"6":1,"7":1,"8":1,"9":1,"10":6,"11":6,"12":6,"13":6,"14":1,"15":3,"16":3,"17":3,"18":3,"19":3,"20":3,"21":3,"22":3,"23":3,"24":3,"25":3,"26":3,"27":3,"28":3,"29":3,"30":3,"31":3,"32":3},"branchMap":{"0":{"type":"branch","line":10,"loc":{"start":{"line":10,"column":18},"end":{"line":14,"column":3}},"locations":[{"start":{"line":10,"column":18},"end":{"line":14,"column":3}}]},"1":{"type":"branch","line":11,"loc":{"start":{"line":11,"column":16},"end":{"line":11,"column":37}},"locations":[{"start":{"line":11,"column":16},"end":{"line":11,"column":37}}]},"2":{"type":"branch","line":11,"loc":{"start":{"line":11,"column":25},"end":{"line":11,"column":51}},"locations":[{"start":{"line":11,"column":25},"end":{"line":11,"column":51}}]},"3":{"type":"branch","line":16,"loc":{"start":{"line":16,"column":0},"end":{"line":33,"column":1}},"locations":[{"start":{"line":16,"column":0},"end":{"line":33,"column":1}}]},"4":{"type":"branch","line":28,"loc":{"start":{"line":28,"column":27},"end":{"line":28,"column":56}},"locations":[{"start":{"line":28,"column":27},"end":{"line":28,"column":56}}]},"5":{"type":"branch","line":29,"loc":{"start":{"line":29,"column":27},"end":{"line":29,"column":59}},"locations":[{"start":{"line":29,"column":27},"end":{"line":29,"column":59}}]},"6":{"type":"branch","line":24,"loc":{"start":{"line":24,"column":74},"end":{"line":24,"column":99}},"locations":[{"start":{"line":24,"column":74},"end":{"line":24,"column":99}}]}},"b":{"0":[6],"1":[3],"2":[3],"3":[3],"4":[2],"5":[1],"6":[1]},"fnMap":{"0":{"name":"btnEstilo","decl":{"start":{"line":10,"column":18},"end":{"line":14,"column":3}},"loc":{"start":{"line":10,"column":18},"end":{"line":14,"column":3}},"line":10},"1":{"name":"App","decl":{"start":{"line":16,"column":0},"end":{"line":33,"column":1}},"loc":{"start":{"line":16,"column":0},"end":{"line":33,"column":1}},"line":16},"2":{"name":"onClick","decl":{"start":{"line":23,"column":74},"end":{"line":23,"column":103}},"loc":{"start":{"line":23,"column":74},"end":{"line":23,"column":103}},"line":23},"3":{"name":"onClick","decl":{"start":{"line":24,"column":74},"end":{"line":24,"column":99}},"loc":{"start":{"line":24,"column":74},"end":{"line":24,"column":99}},"line":24}},"f":{"0":6,"1":3,"2":0,"3":1}}
,"/home/claude/donaton-work/frontend-donaton/src/main.jsx": {"path":"/home/claude/donaton-work/frontend-donaton/src/main.jsx","all":true,"statementMap":{"0":{"start":{"line":1,"column":0},"end":{"line":1,"column":25}},"1":{"start":{"line":2,"column":0},"end":{"line":2,"column":39}},"2":{"start":{"line":3,"column":0},"end":{"line":3,"column":27}},"3":{"start":{"line":4,"column":0},"end":{"line":4,"column":0}},"4":{"start":{"line":5,"column":0},"end":{"line":5,"column":60}},"5":{"start":{"line":6,"column":0},"end":{"line":6,"column":20}},"6":{"start":{"line":7,"column":0},"end":{"line":7,"column":11}},"7":{"start":{"line":8,"column":0},"end":{"line":8,"column":22}},"8":{"start":{"line":9,"column":0},"end":{"line":9,"column":1}}},"s":{"0":0,"1":0,"2":0,"3":0,"4":0,"5":0,"6":0,"7":0,"8":0},"branchMap":{"0":{"type":"branch","line":1,"loc":{"start":{"line":1,"column":213},"end":{"line":9,"column":1}},"locations":[{"start":{"line":1,"column":213},"end":{"line":9,"column":1}}]}},"b":{"0":[0]},"fnMap":{"0":{"name":"(empty-report)","decl":{"start":{"line":1,"column":213},"end":{"line":9,"column":1}},"loc":{"start":{"line":1,"column":213},"end":{"line":9,"column":1}},"line":1}},"f":{"0":0}}
,"/home/claude/donaton-work/frontend-donaton/src/components/Dashboard.jsx": {"path":"/home/claude/donaton-work/frontend-donaton/src/components/Dashboard.jsx","all":false,"statementMap":{"0":{"start":{"line":1,"column":0},"end":{"line":1,"column":31}},"1":{"start":{"line":2,"column":0},"end":{"line":2,"column":38}},"2":{"start":{"line":3,"column":0},"end":{"line":3,"column":81}},"3":{"start":{"line":4,"column":0},"end":{"line":4,"column":0}},"4":{"start":{"line":5,"column":0},"end":{"line":5,"column":51}},"5":{"start":{"line":6,"column":0},"end":{"line":6,"column":54}},"6":{"start":{"line":7,"column":0},"end":{"line":7,"column":0}},"7":{"start":{"line":8,"column":0},"end":{"line":8,"column":17}},"8":{"start":{"line":9,"column":0},"end":{"line":9,"column":107}},"9":{"start":{"line":10,"column":0},"end":{"line":10,"column":90}},"10":{"start":{"line":11,"column":0},"end":{"line":11,"column":123}},"11":{"start":{"line":12,"column":0},"end":{"line":12,"column":140}},"12":{"start":{"line":13,"column":0},"end":{"line":13,"column":90}},"13":{"start":{"line":14,"column":0},"end":{"line":14,"column":52}},"14":{"start":{"line":15,"column":0},"end":{"line":15,"column":145}},"15":{"start":{"line":16,"column":0},"end":{"line":16,"column":35}},"16":{"start":{"line":17,"column":0},"end":{"line":17,"column":2}},"17":{"start":{"line":18,"column":0},"end":{"line":18,"column":0}},"18":{"start":{"line":19,"column":0},"end":{"line":19,"column":44}},"19":{"start":{"line":20,"column":0},"end":{"line":20,"column":12}},"20":{"start":{"line":21,"column":0},"end":{"line":21,"column":37}},"21":{"start":{"line":22,"column":0},"end":{"line":22,"column":56}},"22":{"start":{"line":23,"column":0},"end":{"line":23,"column":87}},"23":{"start":{"line":24,"column":0},"end":{"line":24,"column":14}},"24":{"start":{"line":25,"column":0},"end":{"line":25,"column":6}},"25":{"start":{"line":26,"column":0},"end":{"line":26,"column":1}},"26":{"start":{"line":27,"column":0},"end":{"line":27,"column":0}},"27":{"start":{"line":28,"column":0},"end":{"line":28,"column":37}},"28":{"start":{"line":29,"column":0},"end":{"line":29,"column":51}},"29":{"start":{"line":30,"column":0},"end":{"line":30,"column":51}},"30":{"start":{"line":31,"column":0},"end":{"line":31,"column":51}},"31":{"start":{"line":32,"column":0},"end":{"line":32,"column":0}},"32":{"start":{"line":33,"column":0},"end":{"line":33,"column":21}},"33":{"start":{"line":34,"column":0},"end":{"line":34,"column":22}},"34":{"start":{"line":35,"column":0},"end":{"line":35,"column":27}},"35":{"start":{"line":36,"column":0},"end":{"line":36,"column":48}},"36":{"start":{"line":37,"column":0},"end":{"line":37,"column":47}},"37":{"start":{"line":38,"column":0},"end":{"line":38,"column":11}},"38":{"start":{"line":39,"column":0},"end":{"line":39,"column":0}},"39":{"start":{"line":40,"column":0},"end":{"line":40,"column":78}},"40":{"start":{"line":41,"column":0},"end":{"line":41,"column":85}},"41":{"start":{"line":42,"column":0},"end":{"line":42,"column":30}},"42":{"start":{"line":43,"column":0},"end":{"line":43,"column":0}},"43":{"start":{"line":44,"column":0},"end":{"line":44,"column":12}},"44":{"start":{"line":45,"column":0},"end":{"line":45,"column":40}},"45":{"start":{"line":46,"column":0},"end":{"line":46,"column":64}},"46":{"start":{"line":47,"column":0},"end":{"line":47,"column":113}},"47":{"start":{"line":48,"column":0},"end":{"line":48,"column":0}},"48":{"start":{"line":49,"column":0},"end":{"line":49,"column":27}},"49":{"start":{"line":50,"column":0},"end":{"line":50,"column":43}},"50":{"start":{"line":51,"column":0},"end":{"line":51,"column":45}},"51":{"start":{"line":52,"column":0},"end":{"line":52,"column":50}},"52":{"start":{"line":53,"column":0},"end":{"line":53,"column":50}},"53":{"start":{"line":54,"column":0},"end":{"line":54,"column":69}},"54":{"start":{"line":55,"column":0},"end":{"line":55,"column":23}},"55":{"start":{"line":56,"column":0},"end":{"line":56,"column":22}},"56":{"start":{"line":57,"column":0},"end":{"line":57,"column":14}},"57":{"start":{"line":58,"column":0},"end":{"line":58,"column":0}},"58":{"start":{"line":59,"column":0},"end":{"line":59,"column":30}},"59":{"start":{"line":60,"column":0},"end":{"line":60,"column":41}},"60":{"start":{"line":61,"column":0},"end":{"line":61,"column":64}},"61":{"start":{"line":62,"column":0},"end":{"line":62,"column":42}},"62":{"start":{"line":63,"column":0},"end":{"line":63,"column":110}},"63":{"start":{"line":64,"column":0},"end":{"line":64,"column":111}},"64":{"start":{"line":65,"column":0},"end":{"line":65,"column":111}},"65":{"start":{"line":66,"column":0},"end":{"line":66,"column":112}},"66":{"start":{"line":67,"column":0},"end":{"line":67,"column":22}},"67":{"start":{"line":68,"column":0},"end":{"line":68,"column":18}},"68":{"start":{"line":69,"column":0},"end":{"line":69,"column":0}},"69":{"start":{"line":70,"column":0},"end":{"line":70,"column":37}},"70":{"start":{"line":71,"column":0},"end":{"line":71,"column":41}},"71":{"start":{"line":72,"column":0},"end":{"line":72,"column":71}},"72":{"start":{"line":73,"column":0},"end":{"line":73,"column":42}},"73":{"start":{"line":74,"column":0},"end":{"line":74,"column":101}},"74":{"start":{"line":75,"column":0},"end":{"line":75,"column":101}},"75":{"start":{"line":76,"column":0},"end":{"line":76,"column":102}},"76":{"start":{"line":77,"column":0},"end":{"line":77,"column":22}},"77":{"start":{"line":78,"column":0},"end":{"line":78,"column":18}},"78":{"start":{"line":79,"column":0},"end":{"line":79,"column":0}},"79":{"start":{"line":80,"column":0},"end":{"line":80,"column":26}},"80":{"start":{"line":81,"column":0},"end":{"line":81,"column":41}},"81":{"start":{"line":82,"column":0},"end":{"line":82,"column":60}},"82":{"start":{"line":83,"column":0},"end":{"line":83,"column":42}},"83":{"start":{"line":84,"column":0},"end":{"line":84,"column":103}},"84":{"start":{"line":85,"column":0},"end":{"line":85,"column":104}},"85":{"start":{"line":86,"column":0},"end":{"line":86,"column":103}},"86":{"start":{"line":87,"column":0},"end":{"line":87,"column":103}},"87":{"start":{"line":88,"column":0},"end":{"line":88,"column":22}},"88":{"start":{"line":89,"column":0},"end":{"line":89,"column":18}},"89":{"start":{"line":90,"column":0},"end":{"line":90,"column":14}},"90":{"start":{"line":91,"column":0},"end":{"line":91,"column":6}},"91":{"start":{"line":92,"column":0},"end":{"line":92,"column":1}}},"s":{"0":1,"1":1,"2":1,"3":1,"4":1,"5":1,"6":1,"7":1,"8":1,"9":1,"10":1,"11":1,"12":1,"13":1,"14":1,"15":1,"16":1,"17":1,"18":22,"19":22,"20":22,"21":22,"22":22,"23":22,"24":22,"25":22,"26":1,"27":9,"28":9,"29":9,"30":9,"31":9,"32":9,"33":6,"34":6,"35":6,"36":6,"37":9,"38":9,"39":9,"40":7,"41":7,"42":2,"43":2,"44":2,"45":2,"46":2,"47":2,"48":2,"49":9,"50":1,"51":1,"52":1,"53":1,"54":1,"55":1,"56":9,"57":9,"58":9,"59":9,"60":9,"61":9,"62":9,"63":9,"64":9,"65":9,"66":9,"67":9,"68":9,"69":9,"70":9,"71":9,"72":9,"73":9,"74":9,"75":9,"76":9,"77":9,"78":9,"79":9,"80":9,"81":9,"82":9,"83":9,"84":9,"85":9,"86":9,"87":9,"88":9,"89":9,"90":9,"91":9},"branchMap":{"0":{"type":"branch","line":19,"loc":{"start":{"line":19,"column":0},"end":{"line":26,"column":1}},"locations":[{"start":{"line":19,"column":0},"end":{"line":26,"column":1}}]},"1":{"type":"branch","line":23,"loc":{"start":{"line":23,"column":52},"end":{"line":23,"column":71}},"locations":[{"start":{"line":23,"column":52},"end":{"line":23,"column":71}}]},"2":{"type":"branch","line":28,"loc":{"start":{"line":28,"column":0},"end":{"line":92,"column":1}},"locations":[{"start":{"line":28,"column":0},"end":{"line":92,"column":1}}]},"3":{"type":"branch","line":40,"loc":{"start":{"line":40,"column":18},"end":{"line":40,"column":78}},"locations":[{"start":{"line":40,"column":18},"end":{"line":40,"column":78}}]},"4":{"type":"branch","line":40,"loc":{"start":{"line":40,"column":73},"end":{"line":50,"column":37}},"locations":[{"start":{"line":40,"column":73},"end":{"line":50,"column":37}}]},"5":{"type":"branch","line":40,"loc":{"start":{"line":40,"column":73},"end":{"line":41,"column":25}},"locations":[{"start":{"line":40,"column":73},"end":{"line":41,"column":25}}]},"6":{"type":"branch","line":41,"loc":{"start":{"line":41,"column":18},"end":{"line":41,"column":85}},"locations":[{"start":{"line":41,"column":18},"end":{"line":41,"column":85}}]},"7":{"type":"branch","line":41,"loc":{"start":{"line":41,"column":80},"end":{"line":42,"column":25}},"locations":[{"start":{"line":41,"column":80},"end":{"line":42,"column":25}}]},"8":{"type":"branch","line":42,"loc":{"start":{"line":42,"column":18},"end":{"line":42,"column":30}},"locations":[{"start":{"line":42,"column":18},"end":{"line":42,"column":30}}]},"9":{"type":"branch","line":42,"loc":{"start":{"line":42,"column":25},"end":{"line":50,"column":37}},"locations":[{"start":{"line":42,"column":25},"end":{"line":50,"column":37}}]},"10":{"type":"branch","line":50,"loc":{"start":{"line":50,"column":37},"end":{"line":56,"column":22}},"locations":[{"start":{"line":50,"column":37},"end":{"line":56,"column":22}}]},"11":{"type":"branch","line":33,"loc":{"start":{"line":33,"column":14},"end":{"line":38,"column":7}},"locations":[{"start":{"line":33,"column":14},"end":{"line":38,"column":7}}]},"12":{"type":"branch","line":36,"loc":{"start":{"line":36,"column":19},"end":{"line":36,"column":47}},"locations":[{"start":{"line":36,"column":19},"end":{"line":36,"column":47}}]},"13":{"type":"branch","line":37,"loc":{"start":{"line":37,"column":21},"end":{"line":37,"column":45}},"locations":[{"start":{"line":37,"column":21},"end":{"line":37,"column":45}}]},"14":{"type":"branch","line":53,"loc":{"start":{"line":53,"column":39},"end":{"line":54,"column":69}},"locations":[{"start":{"line":53,"column":39},"end":{"line":54,"column":69}}]}},"b":{"0":[22],"1":[0],"2":[9],"3":[6],"4":[7],"5":[3],"6":[1],"7":[2],"8":[0],"9":[2],"10":[1],"11":[6],"12":[1],"13":[3],"14":[1]},"fnMap":{"0":{"name":"Tarjeta","decl":{"start":{"line":19,"column":0},"end":{"line":26,"column":1}},"loc":{"start":{"line":19,"column":0},"end":{"line":26,"column":1}},"line":19},"1":{"name":"Dashboard","decl":{"start":{"line":28,"column":0},"end":{"line":92,"column":1}},"loc":{"start":{"line":28,"column":0},"end":{"line":92,"column":1}},"line":28}},"f":{"0":22,"1":9}}
,"/home/claude/donaton-work/frontend-donaton/src/components/DonacionForm.jsx": {"path":"/home/claude/donaton-work/frontend-donaton/src/components/DonacionForm.jsx","all":false,"statementMap":{"0":{"start":{"line":1,"column":0},"end":{"line":1,"column":34}},"1":{"start":{"line":2,"column":0},"end":{"line":2,"column":47}},"2":{"start":{"line":3,"column":0},"end":{"line":3,"column":63}},"3":{"start":{"line":4,"column":0},"end":{"line":4,"column":0}},"4":{"start":{"line":5,"column":0},"end":{"line":5,"column":40}},"5":{"start":{"line":6,"column":0},"end":{"line":6,"column":55}},"6":{"start":{"line":7,"column":0},"end":{"line":7,"column":0}},"7":{"start":{"line":8,"column":0},"end":{"line":8,"column":56}},"8":{"start":{"line":9,"column":0},"end":{"line":9,"column":0}},"9":{"start":{"line":10,"column":0},"end":{"line":10,"column":17}},"10":{"start":{"line":11,"column":0},"end":{"line":11,"column":159}},"11":{"start":{"line":12,"column":0},"end":{"line":12,"column":56}},"12":{"start":{"line":13,"column":0},"end":{"line":13,"column":38}},"13":{"start":{"line":14,"column":0},"end":{"line":14,"column":90}},"14":{"start":{"line":15,"column":0},"end":{"line":15,"column":124}},"15":{"start":{"line":16,"column":0},"end":{"line":16,"column":152}},"16":{"start":{"line":17,"column":0},"end":{"line":17,"column":114}},"17":{"start":{"line":18,"column":0},"end":{"line":18,"column":114}},"18":{"start":{"line":19,"column":0},"end":{"line":19,"column":2}},"19":{"start":{"line":20,"column":0},"end":{"line":20,"column":0}},"20":{"start":{"line":21,"column":0},"end":{"line":21,"column":40}},"21":{"start":{"line":22,"column":0},"end":{"line":22,"column":38}},"22":{"start":{"line":23,"column":0},"end":{"line":23,"column":118}},"23":{"start":{"line":24,"column":0},"end":{"line":24,"column":49}},"24":{"start":{"line":25,"column":0},"end":{"line":25,"column":60}},"25":{"start":{"line":26,"column":0},"end":{"line":26,"column":0}},"26":{"start":{"line":27,"column":0},"end":{"line":27,"column":81}},"27":{"start":{"line":28,"column":0},"end":{"line":28,"column":0}},"28":{"start":{"line":29,"column":0},"end":{"line":29,"column":33}},"29":{"start":{"line":30,"column":0},"end":{"line":30,"column":27}},"30":{"start":{"line":31,"column":0},"end":{"line":31,"column":13}},"31":{"start":{"line":32,"column":0},"end":{"line":32,"column":115}},"32":{"start":{"line":33,"column":0},"end":{"line":33,"column":61}},"33":{"start":{"line":34,"column":0},"end":{"line":34,"column":36}},"34":{"start":{"line":35,"column":0},"end":{"line":35,"column":101}},"35":{"start":{"line":36,"column":0},"end":{"line":36,"column":23}},"36":{"start":{"line":37,"column":0},"end":{"line":37,"column":81}},"37":{"start":{"line":38,"column":0},"end":{"line":38,"column":36}},"38":{"start":{"line":39,"column":0},"end":{"line":39,"column":9}},"39":{"start":{"line":40,"column":0},"end":{"line":40,"column":6}},"40":{"start":{"line":41,"column":0},"end":{"line":41,"column":0}},"41":{"start":{"line":42,"column":0},"end":{"line":42,"column":12}},"42":{"start":{"line":43,"column":0},"end":{"line":43,"column":53}},"43":{"start":{"line":44,"column":0},"end":{"line":44,"column":65}},"44":{"start":{"line":45,"column":0},"end":{"line":45,"column":0}},"45":{"start":{"line":46,"column":0},"end":{"line":46,"column":39}},"46":{"start":{"line":47,"column":0},"end":{"line":47,"column":69}},"47":{"start":{"line":48,"column":0},"end":{"line":48,"column":95}},"48":{"start":{"line":49,"column":0},"end":{"line":49,"column":76}},"49":{"start":{"line":50,"column":0},"end":{"line":50,"column":25}},"50":{"start":{"line":51,"column":0},"end":{"line":51,"column":18}},"51":{"start":{"line":52,"column":0},"end":{"line":52,"column":0}},"52":{"start":{"line":53,"column":0},"end":{"line":53,"column":39}},"53":{"start":{"line":54,"column":0},"end":{"line":54,"column":59}},"54":{"start":{"line":55,"column":0},"end":{"line":55,"column":136}},"55":{"start":{"line":56,"column":0},"end":{"line":56,"column":18}},"56":{"start":{"line":57,"column":0},"end":{"line":57,"column":0}},"57":{"start":{"line":58,"column":0},"end":{"line":58,"column":39}},"58":{"start":{"line":59,"column":0},"end":{"line":59,"column":61}},"59":{"start":{"line":60,"column":0},"end":{"line":60,"column":135}},"60":{"start":{"line":61,"column":0},"end":{"line":61,"column":18}},"61":{"start":{"line":62,"column":0},"end":{"line":62,"column":0}},"62":{"start":{"line":63,"column":0},"end":{"line":63,"column":39}},"63":{"start":{"line":64,"column":0},"end":{"line":64,"column":72}},"64":{"start":{"line":65,"column":0},"end":{"line":65,"column":147}},"65":{"start":{"line":66,"column":0},"end":{"line":66,"column":18}},"66":{"start":{"line":67,"column":0},"end":{"line":67,"column":0}},"67":{"start":{"line":68,"column":0},"end":{"line":68,"column":39}},"68":{"start":{"line":69,"column":0},"end":{"line":69,"column":64}},"69":{"start":{"line":70,"column":0},"end":{"line":70,"column":139}},"70":{"start":{"line":71,"column":0},"end":{"line":71,"column":18}},"71":{"start":{"line":72,"column":0},"end":{"line":72,"column":0}},"72":{"start":{"line":73,"column":0},"end":{"line":73,"column":83}},"73":{"start":{"line":74,"column":0},"end":{"line":74,"column":0}},"74":{"start":{"line":75,"column":0},"end":{"line":75,"column":74}},"75":{"start":{"line":76,"column":0},"end":{"line":76,"column":15}},"76":{"start":{"line":77,"column":0},"end":{"line":77,"column":6}},"77":{"start":{"line":78,"column":0},"end":{"line":78,"column":1}}},"s":{"0":1,"1":1,"2":1,"3":1,"4":1,"5":1,"6":1,"7":1,"8":1,"9":1,"10":1,"11":1,"12":1,"13":1,"14":1,"15":1,"16":1,"17":1,"18":1,"19":1,"20":21,"21":21,"22":21,"23":21,"24":21,"25":21,"26":21,"27":21,"28":21,"29":3,"30":3,"31":3,"32":2,"33":2,"34":2,"35":3,"36":1,"37":1,"38":1,"39":3,"40":21,"41":21,"42":21,"43":21,"44":21,"45":21,"46":21,"47":21,"48":21,"49":21,"50":21,"51":21,"52":21,"53":21,"54":21,"55":21,"56":21,"57":21,"58":21,"59":21,"60":21,"61":21,"62":21,"63":21,"64":21,"65":21,"66":21,"67":21,"68":21,"69":21,"70":21,"71":21,"72":21,"73":21,"74":21,"75":21,"76":21,"77":21},"branchMap":{"0":{"type":"branch","line":21,"loc":{"start":{"line":21,"column":0},"end":{"line":78,"column":1}},"locations":[{"start":{"line":21,"column":0},"end":{"line":78,"column":1}}]},"1":{"type":"branch","line":75,"loc":{"start":{"line":75,"column":13},"end":{"line":75,"column":74}},"locations":[{"start":{"line":75,"column":13},"end":{"line":75,"column":74}}]},"2":{"type":"branch","line":27,"loc":{"start":{"line":27,"column":20},"end":{"line":27,"column":81}},"locations":[{"start":{"line":27,"column":20},"end":{"line":27,"column":81}}]},"3":{"type":"branch","line":29,"loc":{"start":{"line":29,"column":19},"end":{"line":40,"column":6}},"locations":[{"start":{"line":29,"column":19},"end":{"line":40,"column":6}}]},"4":{"type":"branch","line":32,"loc":{"start":{"line":32,"column":113},"end":{"line":36,"column":17}},"locations":[{"start":{"line":32,"column":113},"end":{"line":36,"column":17}}]},"5":{"type":"branch","line":36,"loc":{"start":{"line":36,"column":8},"end":{"line":39,"column":9}},"locations":[{"start":{"line":36,"column":8},"end":{"line":39,"column":9}}]},"6":{"type":"branch","line":37,"loc":{"start":{"line":37,"column":58},"end":{"line":37,"column":79}},"locations":[{"start":{"line":37,"column":58},"end":{"line":37,"column":79}}]},"7":{"type":"branch","line":49,"loc":{"start":{"line":49,"column":31},"end":{"line":49,"column":74}},"locations":[{"start":{"line":49,"column":31},"end":{"line":49,"column":74}}]}},"b":{"0":[21],"1":[3],"2":[10],"3":[3],"4":[2],"5":[1],"6":[0],"7":[84]},"fnMap":{"0":{"name":"DonacionForm","decl":{"start":{"line":21,"column":0},"end":{"line":78,"column":1}},"loc":{"start":{"line":21,"column":0},"end":{"line":78,"column":1}},"line":21},"1":{"name":"cambiar","decl":{"start":{"line":27,"column":20},"end":{"line":27,"column":81}},"loc":{"start":{"line":27,"column":20},"end":{"line":27,"column":81}},"line":27},"2":{"name":"enviar","decl":{"start":{"line":29,"column":19},"end":{"line":40,"column":6}},"loc":{"start":{"line":29,"column":19},"end":{"line":40,"column":6}},"line":29}},"f":{"0":21,"1":10,"2":3}}
,"/home/claude/donaton-work/frontend-donaton/src/hooks/useDonaciones.js": {"path":"/home/claude/donaton-work/frontend-donaton/src/hooks/useDonaciones.js","all":false,"statementMap":{"0":{"start":{"line":1,"column":0},"end":{"line":1,"column":29}},"1":{"start":{"line":2,"column":0},"end":{"line":2,"column":2}},"2":{"start":{"line":3,"column":0},"end":{"line":3,"column":66}},"3":{"start":{"line":4,"column":0},"end":{"line":4,"column":57}},"4":{"start":{"line":5,"column":0},"end":{"line":5,"column":62}},"5":{"start":{"line":6,"column":0},"end":{"line":6,"column":0}},"6":{"start":{"line":7,"column":0},"end":{"line":7,"column":80}},"7":{"start":{"line":8,"column":0},"end":{"line":8,"column":119}},"8":{"start":{"line":9,"column":0},"end":{"line":9,"column":0}},"9":{"start":{"line":10,"column":0},"end":{"line":10,"column":33}},"10":{"start":{"line":11,"column":0},"end":{"line":11,"column":55}},"11":{"start":{"line":12,"column":0},"end":{"line":12,"column":58}},"12":{"start":{"line":13,"column":0},"end":{"line":13,"column":57}},"13":{"start":{"line":14,"column":0},"end":{"line":14,"column":0}},"14":{"start":{"line":15,"column":0},"end":{"line":15,"column":44}},"15":{"start":{"line":16,"column":0},"end":{"line":16,"column":26}},"16":{"start":{"line":17,"column":0},"end":{"line":17,"column":23}},"17":{"start":{"line":18,"column":0},"end":{"line":18,"column":13}},"18":{"start":{"line":19,"column":0},"end":{"line":19,"column":47}},"19":{"start":{"line":20,"column":0},"end":{"line":20,"column":32}},"20":{"start":{"line":21,"column":0},"end":{"line":21,"column":23}},"21":{"start":{"line":22,"column":0},"end":{"line":22,"column":66}},"22":{"start":{"line":23,"column":0},"end":{"line":23,"column":19}},"23":{"start":{"line":24,"column":0},"end":{"line":24,"column":31}},"24":{"start":{"line":25,"column":0},"end":{"line":25,"column":9}},"25":{"start":{"line":26,"column":0},"end":{"line":26,"column":11}},"26":{"start":{"line":27,"column":0},"end":{"line":27,"column":0}},"27":{"start":{"line":28,"column":0},"end":{"line":28,"column":45}},"28":{"start":{"line":29,"column":0},"end":{"line":29,"column":0}},"29":{"start":{"line":30,"column":0},"end":{"line":30,"column":36}},"30":{"start":{"line":31,"column":0},"end":{"line":31,"column":49}},"31":{"start":{"line":32,"column":0},"end":{"line":32,"column":48}},"32":{"start":{"line":33,"column":0},"end":{"line":33,"column":21}},"33":{"start":{"line":34,"column":0},"end":{"line":34,"column":6}},"34":{"start":{"line":35,"column":0},"end":{"line":35,"column":0}},"35":{"start":{"line":36,"column":0},"end":{"line":36,"column":52}},"36":{"start":{"line":37,"column":0},"end":{"line":37,"column":71}},"37":{"start":{"line":38,"column":0},"end":{"line":38,"column":29}},"38":{"start":{"line":39,"column":0},"end":{"line":39,"column":61}},"39":{"start":{"line":40,"column":0},"end":{"line":40,"column":10}},"40":{"start":{"line":41,"column":0},"end":{"line":41,"column":27}},"41":{"start":{"line":42,"column":0},"end":{"line":42,"column":6}},"42":{"start":{"line":43,"column":0},"end":{"line":43,"column":0}},"43":{"start":{"line":44,"column":0},"end":{"line":44,"column":36}},"44":{"start":{"line":45,"column":0},"end":{"line":45,"column":35}},"45":{"start":{"line":46,"column":0},"end":{"line":46,"column":61}},"46":{"start":{"line":47,"column":0},"end":{"line":47,"column":6}},"47":{"start":{"line":48,"column":0},"end":{"line":48,"column":0}},"48":{"start":{"line":49,"column":0},"end":{"line":49,"column":86}},"49":{"start":{"line":50,"column":0},"end":{"line":50,"column":1}}},"s":{"0":1,"1":1,"2":1,"3":1,"4":1,"5":1,"6":1,"7":1,"8":1,"9":1,"10":21,"11":21,"12":21,"13":21,"14":21,"15":6,"16":6,"17":6,"18":6,"19":5,"20":6,"21":1,"22":6,"23":6,"24":6,"25":21,"26":21,"27":21,"28":21,"29":21,"30":1,"31":1,"32":1,"33":21,"34":21,"35":21,"36":1,"37":1,"38":1,"39":1,"40":1,"41":21,"42":21,"43":21,"44":1,"45":1,"46":21,"47":21,"48":21,"49":21},"branchMap":{"0":{"type":"branch","line":10,"loc":{"start":{"line":10,"column":7},"end":{"line":50,"column":1}},"locations":[{"start":{"line":10,"column":7},"end":{"line":50,"column":1}}]},"1":{"type":"branch","line":15,"loc":{"start":{"line":15,"column":31},"end":{"line":26,"column":5}},"locations":[{"start":{"line":15,"column":31},"end":{"line":26,"column":5}}]},"2":{"type":"branch","line":19,"loc":{"start":{"line":19,"column":46},"end":{"line":21,"column":10}},"locations":[{"start":{"line":19,"column":46},"end":{"line":21,"column":10}}]},"3":{"type":"branch","line":21,"loc":{"start":{"line":21,"column":10},"end":{"line":23,"column":9}},"locations":[{"start":{"line":21,"column":10},"end":{"line":23,"column":9}}]},"4":{"type":"branch","line":22,"loc":{"start":{"line":22,"column":33},"end":{"line":22,"column":64}},"locations":[{"start":{"line":22,"column":33},"end":{"line":22,"column":64}}]},"5":{"type":"branch","line":28,"loc":{"start":{"line":28,"column":14},"end":{"line":28,"column":33}},"locations":[{"start":{"line":28,"column":14},"end":{"line":28,"column":33}}]},"6":{"type":"branch","line":30,"loc":{"start":{"line":30,"column":18},"end":{"line":34,"column":5}},"locations":[{"start":{"line":30,"column":18},"end":{"line":34,"column":5}}]},"7":{"type":"branch","line":32,"loc":{"start":{"line":32,"column":22},"end":{"line":32,"column":46}},"locations":[{"start":{"line":32,"column":22},"end":{"line":32,"column":46}}]},"8":{"type":"branch","line":36,"loc":{"start":{"line":36,"column":29},"end":{"line":42,"column":5}},"locations":[{"start":{"line":36,"column":29},"end":{"line":42,"column":5}}]},"9":{"type":"branch","line":38,"loc":{"start":{"line":38,"column":22},"end":{"line":39,"column":61}},"locations":[{"start":{"line":38,"column":22},"end":{"line":39,"column":61}}]},"10":{"type":"branch","line":39,"loc":{"start":{"line":39,"column":21},"end":{"line":39,"column":60}},"locations":[{"start":{"line":39,"column":21},"end":{"line":39,"column":60}}]},"11":{"type":"branch","line":39,"loc":{"start":{"line":39,"column":57},"end":{"line":39,"column":60}},"locations":[{"start":{"line":39,"column":57},"end":{"line":39,"column":60}}]},"12":{"type":"branch","line":44,"loc":{"start":{"line":44,"column":21},"end":{"line":47,"column":5}},"locations":[{"start":{"line":44,"column":21},"end":{"line":47,"column":5}}]},"13":{"type":"branch","line":46,"loc":{"start":{"line":46,"column":22},"end":{"line":46,"column":59}},"locations":[{"start":{"line":46,"column":22},"end":{"line":46,"column":59}}]},"14":{"type":"branch","line":46,"loc":{"start":{"line":46,"column":42},"end":{"line":46,"column":58}},"locations":[{"start":{"line":46,"column":42},"end":{"line":46,"column":58}}]}},"b":{"0":[21],"1":[6],"2":[5],"3":[1],"4":[0],"5":[6],"6":[1],"7":[1],"8":[1],"9":[1],"10":[1],"11":[0],"12":[1],"13":[1],"14":[1]},"fnMap":{"0":{"name":"useDonaciones","decl":{"start":{"line":10,"column":7},"end":{"line":50,"column":1}},"loc":{"start":{"line":10,"column":7},"end":{"line":50,"column":1}},"line":10},"1":{"name":"crear","decl":{"start":{"line":30,"column":18},"end":{"line":34,"column":5}},"loc":{"start":{"line":30,"column":18},"end":{"line":34,"column":5}},"line":30},"2":{"name":"actualizarEstado","decl":{"start":{"line":36,"column":29},"end":{"line":42,"column":5}},"loc":{"start":{"line":36,"column":29},"end":{"line":42,"column":5}},"line":36},"3":{"name":"eliminar","decl":{"start":{"line":44,"column":21},"end":{"line":47,"column":5}},"loc":{"start":{"line":44,"column":21},"end":{"line":47,"column":5}},"line":44}},"f":{"0":21,"1":1,"2":1,"3":1}}
,"/home/claude/donaton-work/frontend-donaton/src/services/donatonApi.js": {"path":"/home/claude/donaton-work/frontend-donaton/src/services/donatonApi.js","all":false,"statementMap":{"0":{"start":{"line":1,"column":0},"end":{"line":1,"column":25}},"1":{"start":{"line":2,"column":0},"end":{"line":2,"column":0}},"2":{"start":{"line":3,"column":0},"end":{"line":3,"column":83}},"3":{"start":{"line":4,"column":0},"end":{"line":4,"column":84}},"4":{"start":{"line":5,"column":0},"end":{"line":5,"column":84}},"5":{"start":{"line":6,"column":0},"end":{"line":6,"column":0}},"6":{"start":{"line":7,"column":0},"end":{"line":7,"column":33}},"7":{"start":{"line":8,"column":0},"end":{"line":8,"column":59}},"8":{"start":{"line":9,"column":0},"end":{"line":9,"column":0}},"9":{"start":{"line":10,"column":0},"end":{"line":10,"column":34}},"10":{"start":{"line":11,"column":0},"end":{"line":11,"column":66}},"11":{"start":{"line":12,"column":0},"end":{"line":12,"column":0}},"12":{"start":{"line":13,"column":0},"end":{"line":13,"column":39}},"13":{"start":{"line":14,"column":0},"end":{"line":14,"column":74}},"14":{"start":{"line":15,"column":0},"end":{"line":15,"column":0}},"15":{"start":{"line":16,"column":0},"end":{"line":16,"column":55}},"16":{"start":{"line":17,"column":0},"end":{"line":17,"column":96}},"17":{"start":{"line":18,"column":0},"end":{"line":18,"column":0}},"18":{"start":{"line":19,"column":0},"end":{"line":19,"column":39}},"19":{"start":{"line":20,"column":0},"end":{"line":20,"column":75}},"20":{"start":{"line":21,"column":0},"end":{"line":21,"column":0}},"21":{"start":{"line":22,"column":0},"end":{"line":22,"column":31}},"22":{"start":{"line":23,"column":0},"end":{"line":23,"column":72}},"23":{"start":{"line":24,"column":0},"end":{"line":24,"column":0}},"24":{"start":{"line":25,"column":0},"end":{"line":25,"column":37}},"25":{"start":{"line":26,"column":0},"end":{"line":26,"column":80}},"26":{"start":{"line":27,"column":0},"end":{"line":27,"column":0}},"27":{"start":{"line":28,"column":0},"end":{"line":28,"column":30}},"28":{"start":{"line":29,"column":0},"end":{"line":29,"column":71}},"29":{"start":{"line":30,"column":0},"end":{"line":30,"column":0}},"30":{"start":{"line":31,"column":0},"end":{"line":31,"column":37}},"31":{"start":{"line":32,"column":0},"end":{"line":32,"column":87}},"32":{"start":{"line":33,"column":0},"end":{"line":33,"column":0}},"33":{"start":{"line":34,"column":0},"end":{"line":34,"column":49}},"34":{"start":{"line":35,"column":0},"end":{"line":35,"column":107}}},"s":{"0":1,"1":1,"2":1,"3":1,"4":1,"5":1,"6":1,"7":1,"8":1,"9":1,"10":1,"11":1,"12":1,"13":1,"14":1,"15":1,"16":1,"17":1,"18":1,"19":1,"20":1,"21":1,"22":1,"23":1,"24":1,"25":1,"26":1,"27":1,"28":1,"29":1,"30":1,"31":1,"32":1,"33":1,"34":1},"branchMap":{"0":{"type":"branch","line":7,"loc":{"start":{"line":7,"column":28},"end":{"line":8,"column":59}},"locations":[{"start":{"line":7,"column":28},"end":{"line":8,"column":59}}]},"1":{"type":"branch","line":8,"loc":{"start":{"line":8,"column":47},"end":{"line":8,"column":58}},"locations":[{"start":{"line":8,"column":47},"end":{"line":8,"column":58}}]},"2":{"type":"branch","line":10,"loc":{"start":{"line":10,"column":29},"end":{"line":11,"column":66}},"locations":[{"start":{"line":10,"column":29},"end":{"line":11,"column":66}}]},"3":{"type":"branch","line":11,"loc":{"start":{"line":11,"column":54},"end":{"line":11,"column":65}},"locations":[{"start":{"line":11,"column":54},"end":{"line":11,"column":65}}]},"4":{"type":"branch","line":13,"loc":{"start":{"line":13,"column":29},"end":{"line":14,"column":74}},"locations":[{"start":{"line":13,"column":29},"end":{"line":14,"column":74}}]},"5":{"type":"branch","line":14,"loc":{"start":{"line":14,"column":62},"end":{"line":14,"column":73}},"locations":[{"start":{"line":14,"column":62},"end":{"line":14,"column":73}}]},"6":{"type":"branch","line":16,"loc":{"start":{"line":16,"column":40},"end":{"line":17,"column":96}},"locations":[{"start":{"line":16,"column":40},"end":{"line":17,"column":96}}]},"7":{"type":"branch","line":17,"loc":{"start":{"line":17,"column":84},"end":{"line":17,"column":95}},"locations":[{"start":{"line":17,"column":84},"end":{"line":17,"column":95}}]},"8":{"type":"branch","line":19,"loc":{"start":{"line":19,"column":32},"end":{"line":20,"column":75}},"locations":[{"start":{"line":19,"column":32},"end":{"line":20,"column":75}}]},"9":{"type":"branch","line":20,"loc":{"start":{"line":20,"column":63},"end":{"line":20,"column":74}},"locations":[{"start":{"line":20,"column":63},"end":{"line":20,"column":74}}]},"10":{"type":"branch","line":22,"loc":{"start":{"line":22,"column":26},"end":{"line":23,"column":72}},"locations":[{"start":{"line":22,"column":26},"end":{"line":23,"column":72}}]},"11":{"type":"branch","line":23,"loc":{"start":{"line":23,"column":60},"end":{"line":23,"column":71}},"locations":[{"start":{"line":23,"column":60},"end":{"line":23,"column":71}}]},"12":{"type":"branch","line":25,"loc":{"start":{"line":25,"column":27},"end":{"line":26,"column":80}},"locations":[{"start":{"line":25,"column":27},"end":{"line":26,"column":80}}]},"13":{"type":"branch","line":26,"loc":{"start":{"line":26,"column":68},"end":{"line":26,"column":79}},"locations":[{"start":{"line":26,"column":68},"end":{"line":26,"column":79}}]},"14":{"type":"branch","line":28,"loc":{"start":{"line":28,"column":25},"end":{"line":29,"column":71}},"locations":[{"start":{"line":28,"column":25},"end":{"line":29,"column":71}}]},"15":{"type":"branch","line":29,"loc":{"start":{"line":29,"column":59},"end":{"line":29,"column":70}},"locations":[{"start":{"line":29,"column":59},"end":{"line":29,"column":70}}]},"16":{"type":"branch","line":31,"loc":{"start":{"line":31,"column":30},"end":{"line":32,"column":87}},"locations":[{"start":{"line":31,"column":30},"end":{"line":32,"column":87}}]},"17":{"type":"branch","line":32,"loc":{"start":{"line":32,"column":75},"end":{"line":32,"column":86}},"locations":[{"start":{"line":32,"column":75},"end":{"line":32,"column":86}}]},"18":{"type":"branch","line":34,"loc":{"start":{"line":34,"column":32},"end":{"line":35,"column":107}},"locations":[{"start":{"line":34,"column":32},"end":{"line":35,"column":107}}]},"19":{"type":"branch","line":35,"loc":{"start":{"line":35,"column":95},"end":{"line":35,"column":106}},"locations":[{"start":{"line":35,"column":95},"end":{"line":35,"column":106}}]}},"b":{"0":[1],"1":[1],"2":[1],"3":[1],"4":[1],"5":[1],"6":[1],"7":[1],"8":[1],"9":[1],"10":[1],"11":[1],"12":[1],"13":[1],"14":[1],"15":[1],"16":[1],"17":[1],"18":[1],"19":[1]},"fnMap":{"0":{"name":"getDashboard","decl":{"start":{"line":7,"column":28},"end":{"line":8,"column":59}},"loc":{"start":{"line":7,"column":28},"end":{"line":8,"column":59}},"line":7},"1":{"name":"getDonaciones","decl":{"start":{"line":10,"column":29},"end":{"line":11,"column":66}},"loc":{"start":{"line":10,"column":29},"end":{"line":11,"column":66}},"line":10},"2":{"name":"crearDonacion","decl":{"start":{"line":13,"column":29},"end":{"line":14,"column":74}},"loc":{"start":{"line":13,"column":29},"end":{"line":14,"column":74}},"line":13},"3":{"name":"actualizarEstadoDonacion","decl":{"start":{"line":16,"column":40},"end":{"line":17,"column":96}},"loc":{"start":{"line":16,"column":40},"end":{"line":17,"column":96}},"line":16},"4":{"name":"eliminarDonacion","decl":{"start":{"line":19,"column":32},"end":{"line":20,"column":75}},"loc":{"start":{"line":19,"column":32},"end":{"line":20,"column":75}},"line":19},"5":{"name":"getCentros","decl":{"start":{"line":22,"column":26},"end":{"line":23,"column":72}},"loc":{"start":{"line":22,"column":26},"end":{"line":23,"column":72}},"line":22},"6":{"name":"crearCentro","decl":{"start":{"line":25,"column":27},"end":{"line":26,"column":80}},"loc":{"start":{"line":25,"column":27},"end":{"line":26,"column":80}},"line":25},"7":{"name":"getEnvios","decl":{"start":{"line":28,"column":25},"end":{"line":29,"column":71}},"loc":{"start":{"line":28,"column":25},"end":{"line":29,"column":71}},"line":28},"8":{"name":"despacharEnvio","decl":{"start":{"line":31,"column":30},"end":{"line":32,"column":87}},"loc":{"start":{"line":31,"column":30},"end":{"line":32,"column":87}},"line":31},"9":{"name":"confirmarEntrega","decl":{"start":{"line":34,"column":32},"end":{"line":35,"column":107}},"loc":{"start":{"line":34,"column":32},"end":{"line":35,"column":107}},"line":34}},"f":{"0":1,"1":1,"2":1,"3":1,"4":1,"5":1,"6":1,"7":1,"8":1,"9":1}}
}
